生成启动时间为 2022/1/30 23:12:21。
     1>项目“C:\Users\EZChe\Desktop\KeepStudy\C_C++\Projects\cDemo\cDemo.vcxproj”在节点 2 上(Build 个目标)。
     1>ClCompile:
         C:\Program Files (x86)\Microsoft Visual Studio 14.0\VC\bin\CL.exe /c /ZI /nologo /W3 /WX- /Od /Oy- /D WIN32 /D _DEBUG /D _CONSOLE /D _UNICODE /D UNICODE /Gm /EHsc /RTC1 /MDd /GS /fp:precise /Zc:wchar_t /Zc:forScope /Zc:inline /Fo"Debug\\" /Fd"Debug\vc140.pdb" /Gd /TC /analyze- /errorReport:prompt 10.3_struct_pointer.c 10.4_enum.c 10.5_union.c 3.3_Integer.c 3.4_number_system.c 3.5_unsigned.c 3.7_overflow.c 6_array.c 9.11_array_and_pointer.c 9.13_pointer_array.c 9.14_tricky_practice.c "9.16_func's_pointer.c" "9.18_main's_arguements.c" 9.4_array_pointer.c "9.15_2d_array's_pointer.c" 9.5_string_pointer.c 9.7_pointer_as_func_param.c 9.8_pointer_as_func_return.c 9.9_secondary_pointer.c hello.c
         hello.c
         9.9_secondary_pointer.c
         9.8_pointer_as_func_return.c
         9.7_pointer_as_func_param.c
         9.5_string_pointer.c
         9.15_2d_array's_pointer.c
         9.4_array_pointer.c
         9.18_main's_arguements.c
         9.16_func's_pointer.c
         9.14_tricky_practice.c
         9.13_pointer_array.c
         9.11_array_and_pointer.c
         6_array.c
     1>c:\users\ezche\desktop\keepstudy\c_c++\projects\cdemo\6_array.c(19): warning C4013: “gets”未定义；假设外部返回 int
     1>c:\users\ezche\desktop\keepstudy\c_c++\projects\cdemo\6_array.c(23): warning C4996: 'scanf': This function or variable may be unsafe. Consider using scanf_s instead. To disable deprecation, use _CRT_SECURE_NO_WARNINGS. See online help for details.
         c:\program files (x86)\windows kits\10\include\10.0.10150.0\ucrt\stdio.h(1270): note: 参见“scanf”的声明
     1>c:\users\ezche\desktop\keepstudy\c_c++\projects\cdemo\6_array.c(24): warning C4996: 'scanf': This function or variable may be unsafe. Consider using scanf_s instead. To disable deprecation, use _CRT_SECURE_NO_WARNINGS. See online help for details.
         c:\program files (x86)\windows kits\10\include\10.0.10150.0\ucrt\stdio.h(1270): note: 参见“scanf”的声明
         3.7_overflow.c
         3.5_unsigned.c
         3.4_number_system.c
         3.3_Integer.c
         10.5_union.c
         10.4_enum.c
         10.3_struct_pointer.c
         正在生成代码...
       Link:
         C:\Program Files (x86)\Microsoft Visual Studio 14.0\VC\bin\link.exe /ERRORREPORT:PROMPT /OUT:"C:\Users\EZChe\Desktop\KeepStudy\C_C++\Projects\cDemo\Debug\cDemo.exe" /INCREMENTAL /NOLOGO kernel32.lib user32.lib gdi32.lib winspool.lib comdlg32.lib advapi32.lib shell32.lib ole32.lib oleaut32.lib uuid.lib odbc32.lib odbccp32.lib /MANIFEST /MANIFESTUAC:"level='asInvoker' uiAccess='false'" /manifest:embed /Debug /PDB:"C:\Users\EZChe\Desktop\KeepStudy\C_C++\Projects\cDemo\Debug\cDemo.pdb" /SUBSYSTEM:CONSOLE /TLBID:1 /DYNAMICBASE /NXCOMPAT /IMPLIB:"C:\Users\EZChe\Desktop\KeepStudy\C_C++\Projects\cDemo\Debug\cDemo.lib" /MACHINE:X86 Debug\10.3_struct_pointer.obj
         Debug\10.4_enum.obj
         Debug\10.5_union.obj
         Debug\3.3_Integer.obj
         Debug\3.4_number_system.obj
         Debug\3.5_unsigned.obj
         Debug\3.7_overflow.obj
         Debug\6_array.obj
         Debug\9.11_array_and_pointer.obj
         Debug\9.13_pointer_array.obj
         Debug\9.14_tricky_practice.obj
         "Debug\9.16_func's_pointer.obj"
         "Debug\9.18_main's_arguements.obj"
         Debug\9.4_array_pointer.obj
         "Debug\9.15_2d_array's_pointer.obj"
         Debug\9.5_string_pointer.obj
         Debug\9.7_pointer_as_func_param.obj
         Debug\9.8_pointer_as_func_return.obj
         Debug\9.9_secondary_pointer.obj
         Debug\hello.obj
         cDemo.vcxproj -> C:\Users\EZChe\Desktop\KeepStudy\C_C++\Projects\cDemo\Debug\cDemo.exe
     1>已完成生成项目“C:\Users\EZChe\Desktop\KeepStudy\C_C++\Projects\cDemo\cDemo.vcxproj”(Build 个目标)的操作。

已成功生成。

已用时间 00:00:06.36
